  Agent.cpp
C:\Users\Anton\source\repos\graphics_tutorial\ZombieGame\Agent.cpp(224,20): warning C4018:  '<': signed/unsigned mismatch
C:\Users\Anton\source\repos\graphics_tutorial\ZombieGame\Agent.cpp(304,23): warning C4244:  'argument': conversion from 'T' to 'const unsigned int', possible loss of data
C:\Users\Anton\source\repos\graphics_tutorial\ZombieGame\Agent.cpp(304,23): warning C4244:         with
C:\Users\Anton\source\repos\graphics_tutorial\ZombieGame\Agent.cpp(304,23): warning C4244:         [
C:\Users\Anton\source\repos\graphics_tutorial\ZombieGame\Agent.cpp(304,23): warning C4244:             T=float
C:\Users\Anton\source\repos\graphics_tutorial\ZombieGame\Agent.cpp(304,23): warning C4244:         ]
C:\Users\Anton\source\repos\graphics_tutorial\ZombieGame\Agent.cpp(304,34): warning C4244:  'argument': conversion from 'T' to 'const unsigned int', possible loss of data
C:\Users\Anton\source\repos\graphics_tutorial\ZombieGame\Agent.cpp(304,34): warning C4244:         with
C:\Users\Anton\source\repos\graphics_tutorial\ZombieGame\Agent.cpp(304,34): warning C4244:         [
C:\Users\Anton\source\repos\graphics_tutorial\ZombieGame\Agent.cpp(304,34): warning C4244:             T=float
C:\Users\Anton\source\repos\graphics_tutorial\ZombieGame\Agent.cpp(304,34): warning C4244:         ]
  Generating code
  0 of 1915 functions ( 0.0%) were compiled, the rest were copied from previous compilation.
    0 functions were new in current compilation
    0 functions had inline decision re-evaluated but remain unchanged
  Finished generating code
Bengine.lib(SpriteBatch.obj) : warning LNK4020: a type record in 'C:\Users\Anton\source\repos\graphics_tutorial\Bengine\Release\Bengine.pdb' is corrupted; some symbols and types may not be accessible from the debugger
Bengine.lib(ResourceManager.obj) : warning LNK4020: a type record in 'C:\Users\Anton\source\repos\graphics_tutorial\Bengine\Release\Bengine.pdb' is corrupted; some symbols and types may not be accessible from the debugger
Bengine.lib(AudioEngine.obj) : warning LNK4020: a type record in 'C:\Users\Anton\source\repos\graphics_tutorial\Bengine\Release\Bengine.pdb' is corrupted; some symbols and types may not be accessible from the debugger
Bengine.lib(BengineErrors.obj) : warning LNK4020: a type record in 'C:\Users\Anton\source\repos\graphics_tutorial\Bengine\Release\Bengine.pdb' is corrupted; some symbols and types may not be accessible from the debugger
Bengine.lib(InputManager.obj) : warning LNK4020: a type record in 'C:\Users\Anton\source\repos\graphics_tutorial\Bengine\Release\Bengine.pdb' is corrupted; some symbols and types may not be accessible from the debugger
Bengine.lib(GLSLProgram.obj) : warning LNK4020: a type record in 'C:\Users\Anton\source\repos\graphics_tutorial\Bengine\Release\Bengine.pdb' is corrupted; some symbols and types may not be accessible from the debugger
Bengine.lib(ParticleEngine2D.obj) : warning LNK4020: a type record in 'C:\Users\Anton\source\repos\graphics_tutorial\Bengine\Release\Bengine.pdb' is corrupted; some symbols and types may not be accessible from the debugger
Bengine.lib(Bengine.obj) : warning LNK4020: a type record in 'C:\Users\Anton\source\repos\graphics_tutorial\Bengine\Release\Bengine.pdb' is corrupted; some symbols and types may not be accessible from the debugger
Bengine.lib(ParticleBatch2D.obj) : warning LNK4020: a type record in 'C:\Users\Anton\source\repos\graphics_tutorial\Bengine\Release\Bengine.pdb' is corrupted; some symbols and types may not be accessible from the debugger
Bengine.lib(Window.obj) : warning LNK4020: a type record in 'C:\Users\Anton\source\repos\graphics_tutorial\Bengine\Release\Bengine.pdb' is corrupted; some symbols and types may not be accessible from the debugger
Bengine.lib(SpriteFont.obj) : warning LNK4020: a type record in 'C:\Users\Anton\source\repos\graphics_tutorial\Bengine\Release\Bengine.pdb' is corrupted; some symbols and types may not be accessible from the debugger
Bengine.lib(Camera2D.obj) : warning LNK4020: a type record in 'C:\Users\Anton\source\repos\graphics_tutorial\Bengine\Release\Bengine.pdb' is corrupted; some symbols and types may not be accessible from the debugger
Bengine.lib(Timing.obj) : warning LNK4020: a type record in 'C:\Users\Anton\source\repos\graphics_tutorial\Bengine\Release\Bengine.pdb' is corrupted; some symbols and types may not be accessible from the debugger
Bengine.lib(TextureCache.obj) : warning LNK4020: a type record in 'C:\Users\Anton\source\repos\graphics_tutorial\Bengine\Release\Bengine.pdb' is corrupted; some symbols and types may not be accessible from the debugger
Bengine.lib(ImageLoader.obj) : warning LNK4020: a type record in 'C:\Users\Anton\source\repos\graphics_tutorial\Bengine\Release\Bengine.pdb' is corrupted; some symbols and types may not be accessible from the debugger
Bengine.lib(IOManager.obj) : warning LNK4020: a type record in 'C:\Users\Anton\source\repos\graphics_tutorial\Bengine\Release\Bengine.pdb' is corrupted; some symbols and types may not be accessible from the debugger
Bengine.lib(picoPNG.obj) : warning LNK4020: a type record in 'C:\Users\Anton\source\repos\graphics_tutorial\Bengine\Release\Bengine.pdb' is corrupted; some symbols and types may not be accessible from the debugger
  ZombieGame.vcxproj -> C:\Users\Anton\source\repos\graphics_tutorial\Release\ZombieGame.exe
